package configuration for libffi is not found
have_header: checking for ffi.h... -------------------- no

"gcc -o conftest -I/tmp/build_a8f1009445e3c98debd6bf312ebd8d93/artemipanchuk-bindlink-96cfbf0cad4f1cab1e6034908b2ae7d6a82d4eeb/vendor/ruby-2.1.5/include/ruby-2.1.0/x86_64-linux -I/tmp/build_a8f1009445e3c98debd6bf312ebd8d93/artemipanchuk-bindlink-96cfbf0cad4f1cab1e6034908b2ae7d6a82d4eeb/vendor/ruby-2.1.5/include/ruby-2.1.0/ruby/backward -I/tmp/build_a8f1009445e3c98debd6bf312ebd8d93/artemipanchuk-bindlink-96cfbf0cad4f1cab1e6034908b2ae7d6a82d4eeb/vendor/ruby-2.1.5/include/ruby-2.1.0 -I.     -O3 -fno-fast-math -g -Wall -Wextra -Wno-unused-parameter -Wno-parentheses -Wno-long-long -Wno-missing-field-initializers -Wunused-variable -Wpointer-arith -Wwrite-strings -Wdeclaration-after-statement -Wimplicit-function-declaration conftest.c  -L. -L/tmp/build_a8f1009445e3c98debd6bf312ebd8d93/artemipanchuk-bindlink-96cfbf0cad4f1cab1e6034908b2ae7d6a82d4eeb/vendor/ruby-2.1.5/lib -Wl,-R/tmp/build_a8f1009445e3c98debd6bf312ebd8d93/artemipanchuk-bindlink-96cfbf0cad4f1cab1e6034908b2ae7d6a82d4eeb/vendor/ruby-2.1.5/lib -L. -fstack-protector -rdynamic -Wl,-export-dynamic     -Wl,-R -Wl,/tmp/build_a8f1009445e3c98debd6bf312ebd8d93/artemipanchuk-bindlink-96cfbf0cad4f1cab1e6034908b2ae7d6a82d4eeb/vendor/ruby-2.1.5/lib -L/tmp/build_a8f1009445e3c98debd6bf312ebd8d93/artemipanchuk-bindlink-96cfbf0cad4f1cab1e6034908b2ae7d6a82d4eeb/vendor/ruby-2.1.5/lib -lruby-static  -lpthread -ldl -lcrypt -lm   -lc"
checked program was:
/* begin */
1: #include "ruby.h"
2: 
3: int main(int argc, char **argv)
4: {
5:   return 0;
6: }
/* end */

"gcc -E -I/tmp/build_a8f1009445e3c98debd6bf312ebd8d93/artemipanchuk-bindlink-96cfbf0cad4f1cab1e6034908b2ae7d6a82d4eeb/vendor/ruby-2.1.5/include/ruby-2.1.0/x86_64-linux -I/tmp/build_a8f1009445e3c98debd6bf312ebd8d93/artemipanchuk-bindlink-96cfbf0cad4f1cab1e6034908b2ae7d6a82d4eeb/vendor/ruby-2.1.5/include/ruby-2.1.0/ruby/backward -I/tmp/build_a8f1009445e3c98debd6bf312ebd8d93/artemipanchuk-bindlink-96cfbf0cad4f1cab1e6034908b2ae7d6a82d4eeb/vendor/ruby-2.1.5/include/ruby-2.1.0 -I.     -O3 -fno-fast-math -g -Wall -Wextra -Wno-unused-parameter -Wno-parentheses -Wno-long-long -Wno-missing-field-initializers -Wunused-variable -Wpointer-arith -Wwrite-strings -Wdeclaration-after-statement -Wimplicit-function-declaration  conftest.c -o conftest.i"
conftest.c:3:17: fatal error: ffi.h: No such file or directory
 #include <ffi.h>
                 ^
compilation terminated.
checked program was:
/* begin */
1: #include "ruby.h"
2: 
3: #include <ffi.h>
/* end */

--------------------

find_header: checking for ffi.h in /usr/local/include,/usr/include/ffi... -------------------- no

"gcc -E -I/tmp/build_a8f1009445e3c98debd6bf312ebd8d93/artemipanchuk-bindlink-96cfbf0cad4f1cab1e6034908b2ae7d6a82d4eeb/vendor/ruby-2.1.5/include/ruby-2.1.0/x86_64-linux -I/tmp/build_a8f1009445e3c98debd6bf312ebd8d93/artemipanchuk-bindlink-96cfbf0cad4f1cab1e6034908b2ae7d6a82d4eeb/vendor/ruby-2.1.5/include/ruby-2.1.0/ruby/backward -I/tmp/build_a8f1009445e3c98debd6bf312ebd8d93/artemipanchuk-bindlink-96cfbf0cad4f1cab1e6034908b2ae7d6a82d4eeb/vendor/ruby-2.1.5/include/ruby-2.1.0 -I.     -O3 -fno-fast-math -g -Wall -Wextra -Wno-unused-parameter -Wno-parentheses -Wno-long-long -Wno-missing-field-initializers -Wunused-variable -Wpointer-arith -Wwrite-strings -Wdeclaration-after-statement -Wimplicit-function-declaration  conftest.c -o conftest.i"
conftest.c:3:17: fatal error: ffi.h: No such file or directory
 #include <ffi.h>
                 ^
compilation terminated.
checked program was:
/* begin */
1: #include "ruby.h"
2: 
3: #include <ffi.h>
/* end */

"gcc -E -I/tmp/build_a8f1009445e3c98debd6bf312ebd8d93/artemipanchuk-bindlink-96cfbf0cad4f1cab1e6034908b2ae7d6a82d4eeb/vendor/ruby-2.1.5/include/ruby-2.1.0/x86_64-linux -I/tmp/build_a8f1009445e3c98debd6bf312ebd8d93/artemipanchuk-bindlink-96cfbf0cad4f1cab1e6034908b2ae7d6a82d4eeb/vendor/ruby-2.1.5/include/ruby-2.1.0/ruby/backward -I/tmp/build_a8f1009445e3c98debd6bf312ebd8d93/artemipanchuk-bindlink-96cfbf0cad4f1cab1e6034908b2ae7d6a82d4eeb/vendor/ruby-2.1.5/include/ruby-2.1.0 -I.     -O3 -fno-fast-math -g -Wall -Wextra -Wno-unused-parameter -Wno-parentheses -Wno-long-long -Wno-missing-field-initializers -Wunused-variable -Wpointer-arith -Wwrite-strings -Wdeclaration-after-statement -Wimplicit-function-declaration -I/usr/local/include conftest.c -o conftest.i"
conftest.c:3:17: fatal error: ffi.h: No such file or directory
 #include <ffi.h>
                 ^
compilation terminated.
checked program was:
/* begin */
1: #include "ruby.h"
2: 
3: #include <ffi.h>
/* end */

"gcc -E -I/tmp/build_a8f1009445e3c98debd6bf312ebd8d93/artemipanchuk-bindlink-96cfbf0cad4f1cab1e6034908b2ae7d6a82d4eeb/vendor/ruby-2.1.5/include/ruby-2.1.0/x86_64-linux -I/tmp/build_a8f1009445e3c98debd6bf312ebd8d93/artemipanchuk-bindlink-96cfbf0cad4f1cab1e6034908b2ae7d6a82d4eeb/vendor/ruby-2.1.5/include/ruby-2.1.0/ruby/backward -I/tmp/build_a8f1009445e3c98debd6bf312ebd8d93/artemipanchuk-bindlink-96cfbf0cad4f1cab1e6034908b2ae7d6a82d4eeb/vendor/ruby-2.1.5/include/ruby-2.1.0 -I.     -O3 -fno-fast-math -g -Wall -Wextra -Wno-unused-parameter -Wno-parentheses -Wno-long-long -Wno-missing-field-initializers -Wunused-variable -Wpointer-arith -Wwrite-strings -Wdeclaration-after-statement -Wimplicit-function-declaration -I/usr/include/ffi conftest.c -o conftest.i"
conftest.c:3:17: fatal error: ffi.h: No such file or directory
 #include <ffi.h>
                 ^
compilation terminated.
checked program was:
/* begin */
1: #include "ruby.h"
2: 
3: #include <ffi.h>
/* end */

--------------------

have_header: checking for shlwapi.h... -------------------- no

"gcc -E -I/tmp/build_a8f1009445e3c98debd6bf312ebd8d93/artemipanchuk-bindlink-96cfbf0cad4f1cab1e6034908b2ae7d6a82d4eeb/vendor/ruby-2.1.5/include/ruby-2.1.0/x86_64-linux -I/tmp/build_a8f1009445e3c98debd6bf312ebd8d93/artemipanchuk-bindlink-96cfbf0cad4f1cab1e6034908b2ae7d6a82d4eeb/vendor/ruby-2.1.5/include/ruby-2.1.0/ruby/backward -I/tmp/build_a8f1009445e3c98debd6bf312ebd8d93/artemipanchuk-bindlink-96cfbf0cad4f1cab1e6034908b2ae7d6a82d4eeb/vendor/ruby-2.1.5/include/ruby-2.1.0 -I.     -O3 -fno-fast-math -g -Wall -Wextra -Wno-unused-parameter -Wno-parentheses -Wno-long-long -Wno-missing-field-initializers -Wunused-variable -Wpointer-arith -Wwrite-strings -Wdeclaration-after-statement -Wimplicit-function-declaration  conftest.c -o conftest.i"
conftest.c:3:21: fatal error: shlwapi.h: No such file or directory
 #include <shlwapi.h>
                     ^
compilation terminated.
checked program was:
/* begin */
1: #include "ruby.h"
2: 
3: #include <shlwapi.h>
/* end */

--------------------

have_func: checking for rb_thread_blocking_region()... -------------------- yes

"gcc -o conftest -I/tmp/build_a8f1009445e3c98debd6bf312ebd8d93/artemipanchuk-bindlink-96cfbf0cad4f1cab1e6034908b2ae7d6a82d4eeb/vendor/ruby-2.1.5/include/ruby-2.1.0/x86_64-linux -I/tmp/build_a8f1009445e3c98debd6bf312ebd8d93/artemipanchuk-bindlink-96cfbf0cad4f1cab1e6034908b2ae7d6a82d4eeb/vendor/ruby-2.1.5/include/ruby-2.1.0/ruby/backward -I/tmp/build_a8f1009445e3c98debd6bf312ebd8d93/artemipanchuk-bindlink-96cfbf0cad4f1cab1e6034908b2ae7d6a82d4eeb/vendor/ruby-2.1.5/include/ruby-2.1.0 -I.     -O3 -fno-fast-math -g -Wall -Wextra -Wno-unused-parameter -Wno-parentheses -Wno-long-long -Wno-missing-field-initializers -Wunused-variable -Wpointer-arith -Wwrite-strings -Wdeclaration-after-statement -Wimplicit-function-declaration conftest.c  -L. -L/tmp/build_a8f1009445e3c98debd6bf312ebd8d93/artemipanchuk-bindlink-96cfbf0cad4f1cab1e6034908b2ae7d6a82d4eeb/vendor/ruby-2.1.5/lib -Wl,-R/tmp/build_a8f1009445e3c98debd6bf312ebd8d93/artemipanchuk-bindlink-96cfbf0cad4f1cab1e6034908b2ae7d6a82d4eeb/vendor/ruby-2.1.5/lib -L. -fstack-protector -rdynamic -Wl,-export-dynamic     -Wl,-R -Wl,/tmp/build_a8f1009445e3c98debd6bf312ebd8d93/artemipanchuk-bindlink-96cfbf0cad4f1cab1e6034908b2ae7d6a82d4eeb/vendor/ruby-2.1.5/lib -L/tmp/build_a8f1009445e3c98debd6bf312ebd8d93/artemipanchuk-bindlink-96cfbf0cad4f1cab1e6034908b2ae7d6a82d4eeb/vendor/ruby-2.1.5/lib -lruby-static  -lpthread -ldl -lcrypt -lm   -lc"
conftest.c: In function ‘t’:
conftest.c:13:1: warning: ‘rb_thread_blocking_region’ is deprecated (declared at /tmp/build_a8f1009445e3c98debd6bf312ebd8d93/artemipanchuk-bindlink-96cfbf0cad4f1cab1e6034908b2ae7d6a82d4eeb/vendor/ruby-2.1.5/include/ruby-2.1.0/ruby/intern.h:870) [-Wdeprecated-declarations]
 int t(void) { void ((*volatile p)()); p = (void ((*)()))rb_thread_blocking_region; return 0; }
 ^
conftest.c:13:32: warning: variable ‘p’ set but not used [-Wunused-but-set-variable]
 int t(void) { void ((*volatile p)()); p = (void ((*)()))rb_thread_blocking_region; return 0; }
                                ^
checked program was:
/* begin */
 1: #include "ruby.h"
 2: 
 3: /*top*/
 4: extern int t(void);
 5: int main(int argc, char **argv)
 6: {
 7:   if (argc > 1000000) {
 8:     printf("%p", &t);
 9:   }
10: 
11:   return 0;
12: }
13: int t(void) { void ((*volatile p)()); p = (void ((*)()))rb_thread_blocking_region; return 0; }
/* end */

--------------------

have_func: checking for rb_thread_call_with_gvl()... -------------------- yes

"gcc -o conftest -I/tmp/build_a8f1009445e3c98debd6bf312ebd8d93/artemipanchuk-bindlink-96cfbf0cad4f1cab1e6034908b2ae7d6a82d4eeb/vendor/ruby-2.1.5/include/ruby-2.1.0/x86_64-linux -I/tmp/build_a8f1009445e3c98debd6bf312ebd8d93/artemipanchuk-bindlink-96cfbf0cad4f1cab1e6034908b2ae7d6a82d4eeb/vendor/ruby-2.1.5/include/ruby-2.1.0/ruby/backward -I/tmp/build_a8f1009445e3c98debd6bf312ebd8d93/artemipanchuk-bindlink-96cfbf0cad4f1cab1e6034908b2ae7d6a82d4eeb/vendor/ruby-2.1.5/include/ruby-2.1.0 -I.     -O3 -fno-fast-math -g -Wall -Wextra -Wno-unused-parameter -Wno-parentheses -Wno-long-long -Wno-missing-field-initializers -Wunused-variable -Wpointer-arith -Wwrite-strings -Wdeclaration-after-statement -Wimplicit-function-declaration conftest.c  -L. -L/tmp/build_a8f1009445e3c98debd6bf312ebd8d93/artemipanchuk-bindlink-96cfbf0cad4f1cab1e6034908b2ae7d6a82d4eeb/vendor/ruby-2.1.5/lib -Wl,-R/tmp/build_a8f1009445e3c98debd6bf312ebd8d93/artemipanchuk-bindlink-96cfbf0cad4f1cab1e6034908b2ae7d6a82d4eeb/vendor/ruby-2.1.5/lib -L. -fstack-protector -rdynamic -Wl,-export-dynamic     -Wl,-R -Wl,/tmp/build_a8f1009445e3c98debd6bf312ebd8d93/artemipanchuk-bindlink-96cfbf0cad4f1cab1e6034908b2ae7d6a82d4eeb/vendor/ruby-2.1.5/lib -L/tmp/build_a8f1009445e3c98debd6bf312ebd8d93/artemipanchuk-bindlink-96cfbf0cad4f1cab1e6034908b2ae7d6a82d4eeb/vendor/ruby-2.1.5/lib -lruby-static  -lpthread -ldl -lcrypt -lm   -lc"
conftest.c: In function ‘t’:
conftest.c:13:57: error: ‘rb_thread_call_with_gvl’ undeclared (first use in this function)
 int t(void) { void ((*volatile p)()); p = (void ((*)()))rb_thread_call_with_gvl; return 0; }
                                                         ^
conftest.c:13:57: note: each undeclared identifier is reported only once for each function it appears in
conftest.c:13:32: warning: variable ‘p’ set but not used [-Wunused-but-set-variable]
 int t(void) { void ((*volatile p)()); p = (void ((*)()))rb_thread_call_with_gvl; return 0; }
                                ^
checked program was:
/* begin */
 1: #include "ruby.h"
 2: 
 3: /*top*/
 4: extern int t(void);
 5: int main(int argc, char **argv)
 6: {
 7:   if (argc > 1000000) {
 8:     printf("%p", &t);
 9:   }
10: 
11:   return 0;
12: }
13: int t(void) { void ((*volatile p)()); p = (void ((*)()))rb_thread_call_with_gvl; return 0; }
/* end */

"gcc -o conftest -I/tmp/build_a8f1009445e3c98debd6bf312ebd8d93/artemipanchuk-bindlink-96cfbf0cad4f1cab1e6034908b2ae7d6a82d4eeb/vendor/ruby-2.1.5/include/ruby-2.1.0/x86_64-linux -I/tmp/build_a8f1009445e3c98debd6bf312ebd8d93/artemipanchuk-bindlink-96cfbf0cad4f1cab1e6034908b2ae7d6a82d4eeb/vendor/ruby-2.1.5/include/ruby-2.1.0/ruby/backward -I/tmp/build_a8f1009445e3c98debd6bf312ebd8d93/artemipanchuk-bindlink-96cfbf0cad4f1cab1e6034908b2ae7d6a82d4eeb/vendor/ruby-2.1.5/include/ruby-2.1.0 -I.     -O3 -fno-fast-math -g -Wall -Wextra -Wno-unused-parameter -Wno-parentheses -Wno-long-long -Wno-missing-field-initializers -Wunused-variable -Wpointer-arith -Wwrite-strings -Wdeclaration-after-statement -Wimplicit-function-declaration conftest.c  -L. -L/tmp/build_a8f1009445e3c98debd6bf312ebd8d93/artemipanchuk-bindlink-96cfbf0cad4f1cab1e6034908b2ae7d6a82d4eeb/vendor/ruby-2.1.5/lib -Wl,-R/tmp/build_a8f1009445e3c98debd6bf312ebd8d93/artemipanchuk-bindlink-96cfbf0cad4f1cab1e6034908b2ae7d6a82d4eeb/vendor/ruby-2.1.5/lib -L. -fstack-protector -rdynamic -Wl,-export-dynamic     -Wl,-R -Wl,/tmp/build_a8f1009445e3c98debd6bf312ebd8d93/artemipanchuk-bindlink-96cfbf0cad4f1cab1e6034908b2ae7d6a82d4eeb/vendor/ruby-2.1.5/lib -L/tmp/build_a8f1009445e3c98debd6bf312ebd8d93/artemipanchuk-bindlink-96cfbf0cad4f1cab1e6034908b2ae7d6a82d4eeb/vendor/ruby-2.1.5/lib -lruby-static  -lpthread -ldl -lcrypt -lm   -lc"
conftest.c: In function ‘t’:
conftest.c:13:1: warning: implicit declaration of function ‘rb_thread_call_with_gvl’ [-Wimplicit-function-declaration]
 int t(void) { rb_thread_call_with_gvl(); return 0; }
 ^
checked program was:
/* begin */
 1: #include "ruby.h"
 2: 
 3: /*top*/
 4: extern int t(void);
 5: int main(int argc, char **argv)
 6: {
 7:   if (argc > 1000000) {
 8:     printf("%p", &t);
 9:   }
10: 
11:   return 0;
12: }
13: int t(void) { rb_thread_call_with_gvl(); return 0; }
/* end */

--------------------

have_func: checking for rb_thread_call_without_gvl()... -------------------- yes

"gcc -o conftest -I/tmp/build_a8f1009445e3c98debd6bf312ebd8d93/artemipanchuk-bindlink-96cfbf0cad4f1cab1e6034908b2ae7d6a82d4eeb/vendor/ruby-2.1.5/include/ruby-2.1.0/x86_64-linux -I/tmp/build_a8f1009445e3c98debd6bf312ebd8d93/artemipanchuk-bindlink-96cfbf0cad4f1cab1e6034908b2ae7d6a82d4eeb/vendor/ruby-2.1.5/include/ruby-2.1.0/ruby/backward -I/tmp/build_a8f1009445e3c98debd6bf312ebd8d93/artemipanchuk-bindlink-96cfbf0cad4f1cab1e6034908b2ae7d6a82d4eeb/vendor/ruby-2.1.5/include/ruby-2.1.0 -I.     -O3 -fno-fast-math -g -Wall -Wextra -Wno-unused-parameter -Wno-parentheses -Wno-long-long -Wno-missing-field-initializers -Wunused-variable -Wpointer-arith -Wwrite-strings -Wdeclaration-after-statement -Wimplicit-function-declaration conftest.c  -L. -L/tmp/build_a8f1009445e3c98debd6bf312ebd8d93/artemipanchuk-bindlink-96cfbf0cad4f1cab1e6034908b2ae7d6a82d4eeb/vendor/ruby-2.1.5/lib -Wl,-R/tmp/build_a8f1009445e3c98debd6bf312ebd8d93/artemipanchuk-bindlink-96cfbf0cad4f1cab1e6034908b2ae7d6a82d4eeb/vendor/ruby-2.1.5/lib -L. -fstack-protector -rdynamic -Wl,-export-dynamic     -Wl,-R -Wl,/tmp/build_a8f1009445e3c98debd6bf312ebd8d93/artemipanchuk-bindlink-96cfbf0cad4f1cab1e6034908b2ae7d6a82d4eeb/vendor/ruby-2.1.5/lib -L/tmp/build_a8f1009445e3c98debd6bf312ebd8d93/artemipanchuk-bindlink-96cfbf0cad4f1cab1e6034908b2ae7d6a82d4eeb/vendor/ruby-2.1.5/lib -lruby-static  -lpthread -ldl -lcrypt -lm   -lc"
conftest.c: In function ‘t’:
conftest.c:13:57: error: ‘rb_thread_call_without_gvl’ undeclared (first use in this function)
 int t(void) { void ((*volatile p)()); p = (void ((*)()))rb_thread_call_without_gvl; return 0; }
                                                         ^
conftest.c:13:57: note: each undeclared identifier is reported only once for each function it appears in
conftest.c:13:32: warning: variable ‘p’ set but not used [-Wunused-but-set-variable]
 int t(void) { void ((*volatile p)()); p = (void ((*)()))rb_thread_call_without_gvl; return 0; }
                                ^
checked program was:
/* begin */
 1: #include "ruby.h"
 2: 
 3: /*top*/
 4: extern int t(void);
 5: int main(int argc, char **argv)
 6: {
 7:   if (argc > 1000000) {
 8:     printf("%p", &t);
 9:   }
10: 
11:   return 0;
12: }
13: int t(void) { void ((*volatile p)()); p = (void ((*)()))rb_thread_call_without_gvl; return 0; }
/* end */

"gcc -o conftest -I/tmp/build_a8f1009445e3c98debd6bf312ebd8d93/artemipanchuk-bindlink-96cfbf0cad4f1cab1e6034908b2ae7d6a82d4eeb/vendor/ruby-2.1.5/include/ruby-2.1.0/x86_64-linux -I/tmp/build_a8f1009445e3c98debd6bf312ebd8d93/artemipanchuk-bindlink-96cfbf0cad4f1cab1e6034908b2ae7d6a82d4eeb/vendor/ruby-2.1.5/include/ruby-2.1.0/ruby/backward -I/tmp/build_a8f1009445e3c98debd6bf312ebd8d93/artemipanchuk-bindlink-96cfbf0cad4f1cab1e6034908b2ae7d6a82d4eeb/vendor/ruby-2.1.5/include/ruby-2.1.0 -I.     -O3 -fno-fast-math -g -Wall -Wextra -Wno-unused-parameter -Wno-parentheses -Wno-long-long -Wno-missing-field-initializers -Wunused-variable -Wpointer-arith -Wwrite-strings -Wdeclaration-after-statement -Wimplicit-function-declaration conftest.c  -L. -L/tmp/build_a8f1009445e3c98debd6bf312ebd8d93/artemipanchuk-bindlink-96cfbf0cad4f1cab1e6034908b2ae7d6a82d4eeb/vendor/ruby-2.1.5/lib -Wl,-R/tmp/build_a8f1009445e3c98debd6bf312ebd8d93/artemipanchuk-bindlink-96cfbf0cad4f1cab1e6034908b2ae7d6a82d4eeb/vendor/ruby-2.1.5/lib -L. -fstack-protector -rdynamic -Wl,-export-dynamic     -Wl,-R -Wl,/tmp/build_a8f1009445e3c98debd6bf312ebd8d93/artemipanchuk-bindlink-96cfbf0cad4f1cab1e6034908b2ae7d6a82d4eeb/vendor/ruby-2.1.5/lib -L/tmp/build_a8f1009445e3c98debd6bf312ebd8d93/artemipanchuk-bindlink-96cfbf0cad4f1cab1e6034908b2ae7d6a82d4eeb/vendor/ruby-2.1.5/lib -lruby-static  -lpthread -ldl -lcrypt -lm   -lc"
conftest.c: In function ‘t’:
conftest.c:13:1: warning: implicit declaration of function ‘rb_thread_call_without_gvl’ [-Wimplicit-function-declaration]
 int t(void) { rb_thread_call_without_gvl(); return 0; }
 ^
checked program was:
/* begin */
 1: #include "ruby.h"
 2: 
 3: /*top*/
 4: extern int t(void);
 5: int main(int argc, char **argv)
 6: {
 7:   if (argc > 1000000) {
 8:     printf("%p", &t);
 9:   }
10: 
11:   return 0;
12: }
13: int t(void) { rb_thread_call_without_gvl(); return 0; }
/* end */

--------------------

extconf.h is:
/* begin */
1: #ifndef EXTCONF_H
2: #define EXTCONF_H
3: #define HAVE_RB_THREAD_BLOCKING_REGION 1
4: #define HAVE_RB_THREAD_CALL_WITH_GVL 1
5: #define HAVE_RB_THREAD_CALL_WITHOUT_GVL 1
6: #define HAVE_FFI_PREP_CIF_VAR 1
7: #define USE_INTERNAL_LIBFFI 1
8: #define RUBY_1_9 1
9: #endif
/* end */

